epoch,loss,val_loss
0,1.4117181321633034,0.9751744955023632
1,0.8121816189824671,0.38708668136143987
2,0.6521520266660313,0.6946511396878883
3,1.039788974462536,1.0356854954852333
4,0.9900121548469516,0.30930992677996433
5,0.5186306870933892,0.2488178839034672
6,0.37454917258920445,0.2757225828834727
7,0.4171537303946156,0.29215234631224524
8,0.3518228378835256,0.2603160271161719
9,0.309974925821998,0.43522038494672954
10,0.42124708048135473,0.6289616161132161
11,1.1683778911255354,0.5369978217007239
12,0.42682988251613424,0.3364360605048228
13,0.37726487347559223,0.3557508780231959
14,0.3127026036584183,0.3551585879412633
15,0.22557504473766987,0.30466822480570666
16,0.15083670095824028,0.3751371094626905
17,0.22584019051324847,0.3253667369437746
18,0.2788178877781847,0.7866467912740345
19,0.3560937253282382,1.8868082105358945
20,0.4450158225777357,0.46393224226805985
21,0.29117537770872476,0.38736090156002134
22,0.19166790039794843,0.3218410207500941
23,0.16626275877617602,0.4473661426101116
24,0.22984248786435826,0.33478141092707087
25,0.10995745213965522,0.5000032275514323
26,0.10420260123126592,0.3640370973138304
27,0.06821007971302606,0.5445704328609465
28,0.4340260016303375,1.043090517337941
29,0.7859844696814315,0.6061141569450309
30,0.5914470212166265,0.47332531779627257
31,0.1961094907272364,0.6299898172433995
32,0.10256749320778645,0.4906989467342066
33,0.1293040684753235,0.46891649838984956
34,0.10492216243880609,0.6211429121373575
35,0.1143364071037016,0.7290859823763559
36,0.14907983448801385,0.39256933801866406
37,0.054844022370820894,0.4653780522927217
38,0.06429532060586929,0.8371953244580403
39,0.660715103880806,0.6861467217625696
40,0.18449649350182828,0.3931410071216052
41,0.24450655075668237,0.595800729444887
42,0.4212562859917681,0.9441673316922086
43,0.679486329795074,0.5837223229906227
44,0.2808232082680806,0.5413808678807337
45,0.14404721422318328,0.5999435307914863
46,0.15839288853253558,0.376497679406223
47,0.08349286476584604,0.4791254172001411
48,0.03930980495198932,0.409350334341738
49,0.03950323181798309,0.7101830025896123
50,0.05481719582377886,0.5455481487965872
51,0.3173259113444384,0.7630264523786882
52,0.16404049352678632,1.4624616956173242
53,0.175111582460596,0.5988022889941931
54,0.15034402483961198,0.4697592492065027
55,0.035785226387973955,0.41828146931432375
56,0.16032042720633113,0.6377070709308491
57,0.22363724069014163,0.5812278676337284
58,0.06788453258796716,0.7337424906112159
59,0.0846266022562159,0.7241685783742526
60,0.123572224124978,0.8048410494635
61,0.2678205355224908,1.1986905034584334
62,0.13998722294228055,0.6909371479725244
63,0.048119302300199125,0.598291063688613
64,0.022067221926234934,0.5760696886337209
65,0.04349312505425514,0.7510287245195171
66,0.02621436290241385,0.6107644559278809
67,0.015096697278960968,0.6197700698666025
68,0.026453802274084184,0.6416009503293855
69,0.012052477924591135,0.6260079284624271
70,0.012068503783993944,0.7122887528698408
71,0.047993783787550114,0.9787433341729802
72,0.10204296148657559,1.2130921459638904
73,0.13387062402070232,0.6955588021420583
74,0.028233162302690934,0.7965805367154034
75,0.5821513681986141,1.6528521426164993
76,0.8998924439809375,1.552153082234384
77,0.8198467234153964,1.0603169390189024
78,0.5617517535115769,0.8186300760135055
79,0.2993466034241132,1.0729508105653656
80,0.38766092765581567,1.09456023699464
81,0.1722943146702507,1.2243517765987524
82,0.26548468324049235,1.342828744598016
83,0.28023963054903583,1.2676654509327645
84,0.2937424104633979,1.2345979434402683
85,0.12816804527474102,0.9053290135365664
86,0.060952745308160985,0.7719891762060314
87,0.16470051413808914,1.1165367965173871
88,0.8819543264168115,1.9375498663645851
89,0.28259714085897547,0.938898295635664
90,0.16669158280796104,0.6403695226645486
91,0.03621410143128694,0.8528805544181385
92,0.09964453061438426,0.804896495691088
93,0.12668681853050248,0.5752223797608167
94,0.04053621162290875,0.6209233684989894
95,0.028138277404813696,0.6658831742511844
96,0.03634000559420529,0.9243913364413937
97,0.024203316975422735,0.7657077328135816
98,0.028442870647401596,0.6520661038193333
99,0.09117308643447794,0.5353886524168001
100,0.07641901732071482,0.8161207875620008
101,0.010652211822021867,0.6689695932318845
102,0.007422200969557943,0.630422794784322
103,0.005126842901048527,0.6156443647061817
104,0.00464238242185057,0.658935338418538
105,0.022395100240400548,0.7100618229213737
106,0.002393240329479402,0.7035264342612899
107,0.0068785430586329075,0.6216974990336295
108,0.006256520177012466,0.6001192227258683
109,0.0011620581256773096,0.5949307432305363
110,0.0010723583751755486,0.5859418586307261
111,0.0011267317993287054,0.5885883738734219
112,0.0006410239070956086,0.5833023773327424
113,0.02065117423833737,0.8665669895234243
114,0.2903753956076239,2.331540309318759
115,6.805330803050943,9.431443709361401
116,10.413983075947002,10.417786791354795
117,11.293773829073146,10.813406358791303
118,11.186259506405264,11.017432665523094
119,10.581631152526192,11.119445788709424
120,11.037391701038333,11.119445849068557
121,11.537890845450802,11.527498842794683
122,11.008192271426104,11.527498842794683
123,10.768000000196954,10.915419210361529
124,10.691627221262973,10.609379388109039
125,10.659418859343598,10.609379388109039
126,10.777623368778091,10.405352833904798
127,10.491397895674774,10.303339740898036
128,10.453402745982874,10.813406081139286
129,10.453403234481812,10.813406081139286
130,10.482602180346198,10.813406081139286
131,10.453402716180552,10.813406081139286
132,10.366039623384891,10.609379563150526
133,10.2490065369917,10.609379563150526
134,10.31662462932476,10.583865672727175
135,10.57939726891725,10.405352912371672
136,10.628599412631297,10.405352900299844
137,10.312298849009085,10.507366186455835
138,10.1855616008026,11.221459062793587
139,10.628599318905152,11.128237881237947
140,10.686998281357944,11.12746099882488
141,10.570200432901798,11.127460727208778
142,10.628599434227183,11.127460727208778
143,10.71619775891304,11.127460727208778
144,10.628599422565404,11.127460727208778
145,10.62859939146733,11.127460727208778
146,10.631097499875056,10.813406038887893
147,9.665017578912819,10.507366156276268
148,9.635818061621293,10.507366156276268
149,9.78181535091953,10.507366156276268
150,9.781815379858017,10.507366156276268
151,10.140787330226622,11.425485671321049
152,11.621380695398303,11.629512189309809
153,11.738178419462148,11.629512189309809
154,11.767377932866415,11.629512189309809
155,11.339098842247672,12.03756538825699
156,11.329386139693467,12.03756538825699
157,11.270987756010415,12.03756538825699
158,11.329483727182167,12.026627830312222
159,11.416984469994254,11.984137293658678
160,11.35858556671419,11.98403522636317
161,11.047010923209397,11.425485610961914
162,10.92059392168902,11.425485610961914
163,10.920593895773957,11.425485610961914
164,10.832995535670847,11.425485610961914
165,10.949793333592622,11.425485610961914
166,10.920593865539717,11.425485610961914
167,10.832071098728456,11.52749887297425
168,10.797813820234243,11.527498963512953
169,10.541000958802044,11.425485629069653
170,10.686998320662457,11.425485629069653
171,10.686998324549716,11.425485629069653
172,10.63128061225449,11.221459171440028
173,10.874190755512403,10.609379599366006
174,10.832995522281397,10.71139287345017
175,10.832995527032493,10.71139287345017
176,10.8329955443092,10.71139287345017
177,10.862194978672525,10.71139287345017
178,10.803796149682308,10.71139287345017
179,10.832995549492214,10.71139287345017
180,10.920593887135603,10.71139287345017
181,10.774608760640241,10.71139287345017
182,10.74541143058003,10.609379599366006
183,10.716197786123857,10.609379599366006
184,10.803796101307523,10.609379599366006
185,10.716197734293731,10.609379599366006
186,10.832995530919753,10.609379599366006
187,10.716197746387426,10.609379599366006
188,10.71630987222644,10.71139287345017
189,10.686998334483825,10.71139287345017
190,10.686998208363852,10.71139287345017
191,10.686998315911362,10.71139287345017
192,10.687014764633732,10.71139287345017
193,10.62859937807788,10.71139287345017
194,10.657798855632976,10.71139287345017
195,10.716197720472364,10.71139287345017
196,10.686998274015343,10.71139287345017
197,10.599399953648664,10.71139287345017
198,10.657798856928729,10.71139287345017
199,10.686998317207115,10.71139287345017
200,10.657798831013666,10.71139287345017
201,10.534791481667671,10.915419343151624
202,10.657798882843792,10.915419343151624
203,10.803796080575474,10.915419343151624
204,10.832995427259501,10.915419343151624
205,10.657798808553945,10.915419343151624
206,10.832995475202367,10.915419343151624
207,10.74539722782978,10.915419343151624
208,10.885347669539245,11.833538646939434
209,11.305534668590711,11.731525421142578
210,11.533782259277675,11.731525421142578
211,11.533782323201498,11.731525421142578
212,11.41698458229286,11.731525421142578
213,11.475383316261182,11.731525421142578
214,11.504582888838174,11.731525421142578
215,11.562981809394946,11.731525421142578
216,11.47538353740305,11.731525421142578
217,11.504582837008048,11.731525421142578
218,11.416984555082045,11.731525421142578
219,11.504582837008048,11.731525421142578
220,11.592181200566499,11.731525421142578
221,11.562981783479884,11.731525421142578
222,11.562981830558915,11.731525421142578
223,11.387784991143405,11.731525421142578
224,11.598768771558568,11.935551896879945
225,11.708978998488274,11.833538683154915
226,11.708979024403337,11.833538683154915
227,11.796577393144801,11.833538683154915
228,11.738178463949673,11.833538683154915
229,11.70897907277812,11.833538683154915
230,11.708979064139767,11.833538683154915
231,11.884175691051759,11.833538683154915
232,11.621380683304608,11.833538683154915
233,11.65058019541312,11.833538683154915
234,11.6797795433929,11.833538683154915
235,11.738178450128306,11.833538683154915
236,11.650580190230107,11.833538683154915
237,11.73817849850309,11.833538683154915
238,11.650580043378083,11.833538683154915
239,11.621380747228429,11.833538683154915
240,11.738178455311319,11.833538683154915
241,11.621380666027898,11.833538683154915
242,11.708978986394579,11.833538683154915
243,11.70897898984992,11.833538683154915
244,11.708979015764983,11.833538683154915
245,11.708978995032933,11.833538683154915
246,11.8257767830206,11.833538683154915
247,11.73817847604337,11.833538683154915
248,11.82543552958447,12.037565303754203
249,12.409765729437703,12.139578517479233
250,12.234569119370502,12.139578517479233
251,12.32216743628184,12.139578517479233
252,12.409765834393708,12.139578517479233
253,12.4389692078466,12.139578517479233
254,12.322167401728423,12.139578517479233
255,12.263768515725067,12.139578517479233
256,12.380566356838614,12.139578517479233
257,12.292968005373858,12.139578517479233
258,12.32216743628184,12.139578517479233
259,12.322167479473611,12.139578517479233
260,12.3805663516556,12.139578517479233
261,12.409765834393708,12.139578517479233
262,12.292967950088391,12.139578517479233
263,12.322167470835257,12.139578517479233
264,12.409765815821247,12.139578517479233
265,12.32216751402703,12.139578517479233
266,12.263768545095472,12.139578517479233
267,12.23456903298696,12.139578517479233
268,12.292968039927276,12.139578517479233
269,12.32216749675032,12.139578517479233
270,12.40976584173631,12.139578517479233
271,12.062594679818638,12.547631481025793
272,12.146970790365469,12.547631481025793
273,12.117771295533664,12.547631481025793
274,12.088571904362112,12.547631481025793
275,12.146970729896987,12.547631481025793
276,12.088571869808694,12.547631481025793
277,12.08857184043829,12.547631481025793
278,12.088571857715,12.547631481025793
279,12.03017294579658,12.547631481025793
280,12.117771309355032,12.547631481025793
281,12.20536957702775,12.547631481025793
282,12.030172980349997,12.547631481025793
283,12.148451219434323,12.343605005288426
284,12.234569110732147,12.241591791563396
285,12.35136694320734,12.241591791563396
286,12.176170229911804,12.241591791563396
287,12.291978357494742,11.935552090029173
288,11.97177409434664,11.935552090029173
289,12.030173018358756,11.935552090029173
290,12.030172971711643,11.935552090029173
291,12.088571926821833,11.935552090029173
292,12.059372449266737,11.935552090029173
293,12.030172949251922,11.935552090029173
294,12.088571878447048,11.935552090029173
295,12.059372409530308,11.935552090029173
296,12.08857184043829,11.935552090029173
297,12.088571823161582,11.935552090029173
298,12.117771361185158,11.935552090029173
299,12.088571878447048,11.935552090029173
300,12.030172963073289,11.935552090029173
301,12.059372447970985,11.935552090029173
302,12.059372478637142,11.935552090029173
303,12.088571883630062,11.935552090029173
304,12.030172914698504,11.935552090029173
305,12.088571817978568,11.935552090029173
306,12.146970738535343,11.935552090029173
307,12.030172983805338,11.935552090029173
308,12.088571857715,11.935552090029173
309,12.14697075581205,11.935552090029173
310,12.059372457905091,11.935552090029173
311,12.088571874991707,11.935552090029173
312,12.059372504552206,11.935552090029173
313,12.08857190090677,11.935552090029173
314,12.030172923336858,11.935552090029173
315,12.059372501096863,11.935552090029173
316,12.088571895723758,11.935552090029173
317,12.059372340423474,11.935552090029173
318,12.088571926821833,11.935552090029173
319,12.045609944108604,11.527498963512953
320,11.913375182428222,11.731525451322145
321,11.88417573424353,11.731525451322145
322,11.942574556323065,11.731525451322145
323,11.971774115078691,11.731525451322145
324,11.88417575152024,11.731525451322145
325,12.000973571901737,11.731525451322145
326,11.854976322339928,11.731525451322145
327,11.942574556323065,11.731525451322145
328,11.913375203160273,11.731525451322145
329,11.82577677913334,11.731525451322145
330,11.971774016601453,11.731525451322145
331,12.030172949251922,11.731525451322145
332,11.942574568416761,11.731525451322145
333,11.942574677260026,11.731525451322145
334,11.9425746254299,11.731525451322145
335,11.854976291241853,11.731525451322145
336,11.913375203160273,11.731525451322145
337,11.884175746769145,11.731525451322145
338,11.913375173789868,11.731525451322145
339,11.913375220436981,11.731525451322145
340,11.913375151330147,11.731525451322145
341,11.942574516586635,11.731525451322145
342,11.884175686300665,11.731525451322145
343,11.913375147874804,11.731525451322145
344,11.913375159968501,11.731525451322145
345,11.91337516385576,11.731525451322145
346,11.88417573078819,11.731525451322145
347,11.94257466862167,11.731525451322145
348,11.942574624134147,11.731525451322145
349,11.942574637523595,11.731525451322145
350,11.884175691051759,11.731525451322145
351,11.971774059793223,11.731525451322145
352,12.030172963073289,11.731525451322145
353,11.913375108138375,11.731525451322145
354,11.942574654800305,11.731525451322145
355,11.854976279148158,11.731525451322145
356,11.884175722149836,11.731525451322145
357,11.942574508812116,11.731525451322145
358,11.884175656498343,11.731525451322145
359,11.913375208343284,11.731525451322145
360,11.942574706630431,11.731525451322145
361,11.796577362046726,11.731525451322145
362,12.00097348033518,11.731525451322145
363,11.971774120261705,11.731525451322145
364,11.9425746254299,11.731525451322145
365,11.942574599514836,11.731525451322145
366,11.913375121959742,11.731525451322145
367,11.913375251535056,11.731525451322145
368,11.85497638280841,11.731525451322145
369,11.913375096044678,11.731525451322145
370,11.942574628885241,11.731525451322145
371,11.88417579125667,11.731525451322145
372,11.854976253233094,11.731525451322145
373,11.971774063248565,11.731525451322145
374,12.000973536052566,11.731525451322145
375,11.854976261871448,11.731525451322145
376,11.913375064946603,11.731525451322145
377,11.942574703175088,11.731525451322145
378,11.971774080525273,11.731525451322145
379,11.884175682413405,11.731525451322145
380,11.913375116776729,11.731525451322145
381,11.913375156513158,11.731525451322145
382,11.854976239411727,11.731525451322145
383,11.913375246352043,11.731525451322145
384,11.913375165151512,11.731525451322145
385,12.030172988988351,11.731525451322145
386,11.9425746254299,11.731525451322145
387,11.971774028695148,11.731525451322145
388,11.942574582238128,11.731525451322145
389,11.94257460815319,11.731525451322145
390,12.000973549442016,11.731525451322145
391,11.942574620246887,11.731525451322145
392,11.913375104683032,11.731525451322145
393,11.97177407577418,11.731525451322145
394,12.00097352007161,11.731525451322145
395,11.942574598219084,11.731525451322145
396,11.884175773979962,11.731525451322145
397,11.913375070129616,11.731525451322145
398,12.00097354469092,11.731525451322145
399,11.884175716966823,11.731525451322145
