epoch,loss,val_loss
0,1.3589964016624119,0.6365219426305988
1,0.7729037798725177,0.7761935678463948
2,0.8489681465038355,0.5364260247236565
3,0.5351113110672736,0.46226615185224557
4,0.6963333831695111,0.806434809784346
5,0.5101081473023995,0.41760843959224375
6,0.43275098892711644,0.2723902329991135
7,0.2556330587046788,0.39308624794777436
8,0.3050565365128718,0.3087243527362618
9,0.2704852695553226,0.33270939345223993
10,0.6562077361766411,1.365511549801766
11,0.5210261481486774,1.7232439704239368
12,0.4506203912002831,0.4870198169086553
13,0.3160409483572711,0.4400017765126651
14,0.2657563897959915,0.3594319291554297
15,0.12094987480246557,0.38560408523565604
16,0.12204366504295688,0.44135688999785655
17,0.070870172475358,0.38155227550600146
18,0.06997703900729454,0.42080272533754004
19,0.10189388941343287,0.986062258991849
20,0.27869692043548083,0.4749613373622864
21,0.13382859297028687,0.5065644752452315
22,0.12138482322958569,0.5271653690953043
23,0.1313296535783751,0.4967615320052527
24,0.06469985592949619,0.3969745562688884
25,0.24714673193702238,0.942737499110495
26,0.20196362743761553,0.5760907040484533
27,0.05160152301531512,0.5992306260527642
28,0.028468233263571376,0.5976861785254383
29,0.03928855544820734,0.5167145865639271
30,0.08627851763900464,0.5012392756025177
31,0.03366153277781645,0.3667884043003786
32,0.20569861149409047,0.8266911526075034
33,0.8841187127689121,1.2305859735094105
34,0.4551400012337515,1.0905348104012162
35,0.10759354437597221,0.611194845652974
36,0.1522475869016565,0.6934646308021266
37,0.19543469513827194,0.7427743525873389
38,1.017075647023176,0.7916947656983062
39,0.4557971055752943,1.6646479999622967
40,0.4580624066635684,0.8110024485445311
41,0.15324993600019088,0.6465352354807001
42,0.05206176308169291,0.463393923282753
43,0.02669471513984823,0.6398121345945917
44,0.03588807036462937,0.5798001508155721
45,0.05794249345280211,1.156800545661053
46,0.03235539973904478,0.5110796896322288
47,0.010132131835395197,0.43757478535599725
48,0.003186473317107126,0.4637518857607229
49,0.03553935221221447,0.604450352472265
50,0.008486935603698747,0.5287129229271366
51,0.005115365403114175,0.5281939302966046
52,0.006855923332375389,0.5053959863650527
53,0.0030940372412066736,0.5062753459754771
54,0.001923177938331956,0.48622872736128164
55,0.0025939370603037253,0.5355902690212191
56,0.00565112051206851,0.48005334272215516
57,0.005621758369713553,0.46573457496514825
58,0.010095874927392836,0.35436055607448297
59,0.0018294885034071042,0.33598930693505613
60,0.0020480906226431625,0.3319847254629915
61,0.0012049780428578863,0.3383637930553821
62,0.05679869276530607,0.38098465036653323
63,0.016611378994158273,0.4254693279950585
64,0.015696677301532732,0.4785667314117515
65,0.0811073153472133,0.5734214963870531
66,0.10320746212455824,0.603002056555345
67,0.0098177613543183,0.5436033804974533
68,0.021772004183731247,0.7185327125493293
69,0.5698209427726814,2.558188041978622
70,1.3451471446503316,1.9908837756212754
71,1.3133919045820286,2.5376009907620616
72,0.8369571852293969,0.9268865663222261
73,0.2932840812457346,0.9221155837232017
74,0.0691043099254805,0.8564163523197875
75,0.10260650933551703,1.071691425022068
76,0.6240697825233101,2.653960102167028
77,0.7698912810293038,0.9585885902678098
78,0.22961796192229586,0.7676549915775445
79,0.06732918372571982,0.6957462761253472
80,0.11339420381876933,0.8769048700224066
81,0.09112360560868149,0.5766623951106374
82,0.1430289634017421,0.9454092958726045
83,0.06086489834948836,1.0931868903446482
84,0.08770633934885573,0.5751499581252297
85,0.08182144714118149,0.8208320964174934
86,0.30919630329694686,0.7733995690823922
87,0.23131586598189036,0.91668970892029
88,0.748380991743851,1.171099514326175
89,0.18985303349995966,1.3227800643812022
90,0.22426584840512248,1.2175053056499001
91,0.1366357330787245,1.0022960684842082
92,0.11121937989350816,0.6948928459712505
93,0.03522450588186934,0.6671872360945335
94,0.03481348644255209,0.7582973235056889
95,0.03377091897739727,0.7670746422317498
96,0.07116300407800327,0.7887679946791569
97,0.06051643565741494,0.728005063736994
98,0.03707803076612678,0.642338443294947
99,0.9014310061881317,7.137863298005696
100,1.9935751823829635,1.6672739575062945
101,0.4795349691411565,1.105959291219169
102,0.08519417268317701,0.9490977697585756
103,0.23017252324624335,1.4016144126521046
104,0.11228639872231905,0.8836780184539196
105,0.0691246569463114,0.806079079359578
106,0.07495564924726741,0.9408730924868318
107,0.04969974605034459,0.8911256744943359
108,0.05609963299194229,1.193077387348631
109,0.04410487814528188,0.8623287909121925
110,0.037081099919295424,0.7736428218666771
111,0.15635825768528366,1.1952792607134362
112,0.03496694614803118,0.9609680401354356
113,0.0023415210885393235,0.906819996351444
114,0.018376078614689973,0.8542267012135774
115,0.007627219823563463,0.8471316182485795
116,0.0015899485023104312,0.8502767910242163
117,0.0006228499021169192,0.8474551926630761
118,0.006740595927514296,0.7908336533282981
119,0.0005133971170732367,0.7841597158371827
120,0.0009945118588478904,0.7989953642205779
121,0.001502801802842557,0.7859064408298361
122,0.0004024822433844884,0.7698620024807323
123,0.0008869341164666901,0.7349705028864725
124,0.00013368893077416442,0.7289207638527554
125,0.0006030748656777788,0.7251301760965984
126,0.0004975097990029079,0.7144076178326803
127,0.00023541859912852388,0.7060474317373703
128,0.00012681288782734012,0.703530351310004
129,0.0001923920433127368,0.7014456920878499
130,0.0015490040758153632,0.7248988635248933
131,0.0008365699263405312,0.6373042421838835
132,0.00021991967578103257,0.6258092673090722
133,0.00014427566193743368,0.6222256793077773
134,0.00018813954720655644,0.6260693517821051
135,0.00016493931410165453,0.6296140070056406
136,0.0008522445805635164,0.6487526488244033
137,0.0003319753305282679,0.6500032343311328
138,0.00013147000795790635,0.6491815491935534
139,5.141929960433592e-05,0.64912730141266
140,8.268138419969692e-05,0.6481757636410973
141,3.470017772036603e-05,0.648417416506543
142,9.584513330973864e-05,0.6490918241740209
143,7.637985066703361e-05,0.6492385293117935
144,0.0014273741511959606,0.6460326744405692
145,0.0004039874399700115,0.6597877560570276
146,0.0001619800105196443,0.660873982489682
147,0.000734763040262916,0.6940782155871614
148,0.0006348170676723751,0.7132746994431289
149,0.00011234842323016069,0.7050920167555749
150,0.00024530557079857027,0.6834490207164878
151,0.00023252593549250665,0.7014591605338059
152,6.418115920227989e-05,0.6948188494850082
153,0.0001368569354993696,0.6881662063087097
154,5.163392654084908e-05,0.6884611200865245
155,0.00011139578449668464,0.6940328809850131
156,0.0007717452369311446,1.0339453298721437
157,0.0027025952118706555,0.7704196548890155
158,0.0001419551745249834,0.7369151614240096
159,0.00011115811765665987,0.7150129638099615
160,0.00026467427797285427,0.6517906499367326
161,8.910392541932269e-05,0.6572091643395341
162,2.3555599278233704e-05,0.6577247092673594
163,4.8461926188291564e-05,0.6561453739296276
164,5.424184765314892e-05,0.6544023172947578
165,7.410094645219645e-05,0.652346306448894
166,0.0002808716626629058,0.6494542296008483
167,7.166795868976354e-05,0.6499739400370702
168,0.00010387260917648464,0.6560163103294938
169,5.003770111294262e-05,0.6618849398949903
170,4.7449521319843704e-05,0.6624091667277189
171,7.952260927376766e-05,0.6736949761242716
172,2.489732707968899e-05,0.6770785731706912
173,2.098524410917886e-05,0.6794960793994896
174,1.984955755076655e-05,0.6787286780744568
175,1.799917975818622e-05,0.6792278809324948
176,1.704512859874654e-05,0.6792223813548084
177,2.598596572931828e-05,0.680969330752915
178,2.9366385905240204e-05,0.6814586157474648
179,3.799822825605862e-05,0.6851479784994912
180,1.708176366211594e-05,0.6837414600332649
181,1.955229111983031e-05,0.6828226191260404
182,4.9906767045721345e-05,0.6879142182750037
183,3.349459141446275e-05,0.6859913339626416
184,9.76610154507921e-05,0.6989958986778507
185,7.246683648279577e-05,0.6893123587969392
186,7.309851863698049e-05,0.6806134212816007
187,1.3921064356304175e-05,0.6811153948782749
188,6.624984139715133e-06,0.6811068095538257
189,1.4203913234716584e-05,0.681945860729586
190,4.691329462260839e-05,0.6877652168091837
191,1.9638130959079895e-05,0.6777163773681768
192,7.5363896618466866e-06,0.6717919381804343
193,1.4910884173061682e-05,0.6676447028852077
194,0.00011080331634183909,0.697558651284758
195,9.612309581901887e-05,0.8428223748120689
196,1.7611161543654767e-05,0.8340469718195862
197,5.728052830793216e-05,0.8335918792464281
198,4.0869447740989756e-05,0.840961811722617
199,2.036626355849902e-05,0.8346131168811849
