epoch,loss,val_loss
0,1.277199942132701,0.9230471745781277
1,0.8733992799036745,0.6004036893339261
2,0.7854484308888947,0.5277443664229434
3,0.4342015342435975,0.40356957491325296
4,0.5011978618044785,0.27537926043505256
5,0.328754378185756,0.21985641780876272
6,0.47752550417098444,0.434810423059389
7,0.4096829754610856,0.6677800993736879
8,0.5390983121199668,0.5107897565416668
9,0.2677048409384662,0.37354343109156773
10,0.31826669514935085,0.4716140957265768
11,0.22611307746906212,0.31425378957551997
12,0.12481337648047053,0.2988761096908686
13,0.19943589991063176,0.3148481435264478
14,0.11317715681481945,0.3840204080590173
15,0.056567841799983726,0.2984111125539209
16,0.03363316064612751,0.17651814529582896
17,0.026244450594632603,0.17838748286569328
18,0.024224030537880026,0.18971956725760433
19,0.04480267064460297,0.14522060925020117
20,0.08057536775869675,0.47100784106220567
21,0.21842822704280296,0.5474624379497507
22,0.7589018711865798,0.8895011565283589
23,0.521570001674843,0.7409871878183406
24,0.13054216717052664,0.46543461989368434
25,0.07719448500226819,0.467390158295144
26,0.0831251324734826,0.3151148559282658
27,0.03386676474980524,0.4738246583906242
28,0.048197969176344224,0.370839443387408
29,0.024299337305622074,0.3505616282157106
30,0.011625210241671059,0.27852910214588794
31,0.0039165371587143345,0.27677284254004186
32,0.0044183640849977555,0.2430959789639335
33,0.0035679458964282735,0.21949255044629631
34,0.0018363689583645244,0.22376909638883855
35,0.0018382327392617403,0.22630826505050922
36,0.0015245181627730178,0.2295822606311024
37,0.001072951130692567,0.22556691735723403
38,0.0011339509941456565,0.21589911052881383
39,0.0009950394702779402,0.21129041637866078
40,0.0011632236323814563,0.2075191435617349
41,0.0006768886354014588,0.20756891842069328
42,0.0007929803572208756,0.213277662350181
43,0.0007481103886339438,0.2169117355600055
44,0.000920428607626662,0.2266165086414177
45,0.0006684813451088764,0.22616078704615336
46,0.0006452912337909515,0.22602671275492608
47,0.0005639427294279786,0.22843240719783392
48,0.0016062359038609218,0.22682916657473748
49,0.00042705075548324004,0.23783691198586054
50,0.0005726285291622343,0.24351159404741288
51,0.0010433650169706316,0.24465891393914588
52,0.0004838669878075092,0.24945757616028855
53,0.0007774394137980552,0.25837149017785993
54,0.0008351844173830614,0.27093918075908247
55,0.000649278457284959,0.2908703852697967
56,0.0005828586531309986,0.2809599477838242
57,0.0005544157257131503,0.2610169924421077
58,0.00043083982646366815,0.2609077894290831
59,0.00034985619650760913,0.25625189137138943
60,0.0002827603778090291,0.25706423561432956
61,0.0003009314836250694,0.25807404671492007
62,0.0003338105569760639,0.25717842640638705
63,0.00028682512334932613,0.25412464584223987
64,0.00019792916445099314,0.25474970742969066
65,0.00022761963940210066,0.25346234485345104
66,0.00020337013130183155,0.25588218111585403
67,0.00017412025312481,0.2580653223912643
68,0.00023384664501608694,0.2546903731999925
69,0.00045674734076328605,0.24516302162943387
70,0.0006184260844589596,0.269659816206474
71,0.0005878447593280119,0.36024554222366684
72,0.00039909325228990565,0.3257606384020464
73,0.00023019813171969503,0.32835369163734457
74,0.0002899501058977151,0.3329631009888234
75,0.00015299461071982063,0.32380090283898133
76,0.00020058022439274203,0.32333955262868685
77,0.00011642533800311313,0.32181149245361335
78,0.00014218190965394845,0.3212222820502186
79,0.0005557926514471098,0.4363194600851076
80,0.001114502228291172,0.3183275963845362
81,0.00023591810432280644,0.2930363911398912
82,0.0002050860408434366,0.28759114759716076
83,0.00016978261786508594,0.2853098782620892
84,0.00011803938023281196,0.28409169332071177
85,0.0005799587392145796,0.271892414420069
86,0.0001789188591051177,0.2641004683303083
87,0.00044659530865077534,0.26264711441383626
88,0.0001908000937768573,0.2524862950231185
89,0.0001511816763198844,0.2489330022540149
90,0.00018416801118700528,0.24601675744381077
91,9.634495824974547e-05,0.24570198601577461
92,0.0001386873967835461,0.2466518023157617
93,0.007923221397849033,0.3404688983358466
94,0.521071566258705,1.5438245661232783
95,4.493372139455143,7.731071402197299
96,8.632954704588737,8.740277966727382
97,9.851164226946624,9.987037783083709
98,10.102445516033448,12.61416194749915
99,12.031619590261709,12.614162051159402
100,12.013544970664425,12.088572025299072
101,11.446183957915375,9.635818059029786
102,11.738178515779799,9.986211351726366
103,11.675022712652234,10.5118015849072
104,11.56298175410948,10.336604875067007
105,11.565278139667235,10.686998294747394
106,11.679779733436694,10.686998294747394
107,11.670065776161525,10.86219508751579
108,11.270987268807232,10.511801616005275
109,11.329386227372764,10.511801616005275
110,11.270987351735434,10.511801616005275
111,11.212588489919469,10.511801616005275
112,11.270987275717914,10.511801616005275
113,11.212588406991268,10.511801616005275
114,11.2125883517058,10.511801616005275
115,11.270987351735434,10.511801616005275
116,11.838843428570291,11.562981688457986
117,11.79658239475195,11.738178501958432
118,12.08857192163882,11.738178501958432
119,12.03017302872478,11.738178501958432
120,11.756421234296715,11.562981771386188
121,11.971774077069933,11.56304293093474
122,11.971774191096209,11.56381022411844
123,12.150054244027622,11.387784957885742
124,12.497364272242008,11.387784957885742
125,12.380566375842992,11.387784957885742
126,12.421534082163936,11.562981512235558
127,11.38778509264407,11.91337513923645
128,11.212588417357292,11.738178429396257
129,11.387785006260525,11.738178429396257
130,11.270987317182016,11.738178429396257
131,11.270987275717914,11.738178429396257
132,11.329386213551397,11.738178429396257
133,11.270987268807232,11.738178429396257
134,11.387785018354222,11.738178429396257
135,11.329386168631954,11.738178429396257
136,11.387785002805185,11.738178429396257
137,11.446183933727983,11.738178429396257
138,11.329386168631954,11.738178429396257
139,11.442248565563258,10.511801616005275
140,11.095790558967037,11.212589180987814
141,11.212588317152383,11.212588248045549
142,11.21258837243785,11.212588248045549
143,11.270987248075182,11.212588248045549
144,11.270987299905308,11.212588248045549
145,11.270987275717914,11.212588248045549
146,11.270987303360648,11.212588248045549
147,11.270987351735434,11.212588248045549
148,11.270987230798472,11.212588248045549
149,11.329386223917423,11.212588248045549
150,11.15418949680052,11.212588248045549
151,11.270987299905308,11.212588248045549
152,11.270987254985865,11.212588248045549
153,11.329386125440182,11.212588248045549
154,11.212588448455369,11.212588248045549
155,11.270987248075182,11.212588248045549
156,11.329386203185372,11.212588248045549
157,11.329386192819346,11.212588248045549
158,11.270987341369407,11.212588248045549
159,11.270987241164498,11.212588248045549
160,11.387785078822702,11.212588248045549
161,11.270989459493887,11.212588248045549
162,11.270987248075182,11.212588248045549
163,11.212588348250458,11.212588248045549
164,11.270987282628598,11.212588248045549
165,11.270987268807232,11.212588248045549
166,11.329386189364005,11.212588248045549
167,11.212588299875675,11.212588248045549
168,11.32938612025717,11.212588248045549
169,11.389724299527597,11.387784957885742
170,10.978993243065434,11.38778485422549
171,10.803796008013297,11.38778485422549
172,10.978992821513742,11.38778485422549
173,10.920593970063804,11.38778485422549
174,10.745397249857584,11.38778485422549
175,10.978992700576782,11.38778485422549
176,11.332485392473746,11.212588248045549
177,11.32938616172127,11.387784957885742
178,11.446183881897857,11.387784957885742
179,11.504582864650782,11.387784957885742
180,11.38778505463531,11.387784957885742
181,11.5045829406683,11.387784957885742
182,11.387785106465437,11.387784957885742
183,11.446254125539808,11.212588248045549
184,11.446183935455654,11.212588248045549
185,11.387785061545994,11.212588248045549
186,11.387785075367361,11.212588248045549
187,11.446183975192083,11.212588248045549
188,11.387785071912019,11.212588248045549
189,11.446183881897857,11.212588248045549
190,11.495862449424854,11.037391641865606
191,11.259103484775709,11.212588248045549
192,11.095790610797163,11.562981667725936
193,11.03739169024039,11.562981667725936
194,10.978992807692375,11.562981667725936
195,10.978992804237034,11.562981667725936
196,11.03739172997682,11.562981667725936
197,11.095790541690329,11.562981667725936
198,11.095794121424357,11.562981667725936
199,11.09579056242238,11.562981667725936
200,11.037391645320948,11.562981667725936
201,11.095790636712227,11.562981667725936
202,10.978992786960326,11.562981667725936
203,11.03739172824915,11.562981667725936
204,11.095790558967037,11.562981667725936
205,11.037391652231632,11.562981667725936
206,10.978992800781691,11.562981667725936
207,11.037391676419023,11.562981667725936
208,11.095790669537973,11.562981667725936
209,10.978992790415667,11.562981667725936
210,11.037391686785048,11.562981667725936
211,11.037391721338466,11.562981667725936
212,11.095790634984555,11.562981667725936
213,11.095790572788404,11.562981667725936
214,11.095790600431139,11.562981667725936
215,11.037391738615174,11.562981667725936
216,11.09579056587772,11.562981667725936
217,11.037391714427782,11.562981667725936
218,10.978992783504983,11.562981667725936
219,11.037391652231632,11.562981667725936
220,11.037391655686973,11.562981667725936
221,11.037391800811326,11.562981667725936
222,10.97899271785349,11.562981667725936
223,11.037391704061758,11.562981667725936
224,11.03739167296368,11.562981667725936
225,11.03739172824915,11.562981667725936
226,11.008271787477577,11.562981667725936
227,11.095790576243747,11.387785082278045
228,11.270987303360648,11.387785082278045
229,11.263114649316538,11.387785082278045
230,11.09579062461853,11.562981688457986
231,11.095790593520455,11.562981688457986
232,11.154189444970394,11.562981688457986
233,11.154189444970394,11.562981688457986
234,11.095790527868962,11.562981688457986
235,11.212588327518407,11.562981688457986
236,11.15418941732766,11.562981688457986
237,11.154189462247102,11.562981688457986
238,11.095790593520455,11.562981688457986
239,11.154189462247102,11.562981688457986
240,11.154189444970394,11.562981688457986
241,11.27098714787027,11.562981688457986
242,11.037391655686973,11.562981688457986
243,11.154189486434495,11.562981688457986
244,11.095790628073871,11.562981688457986
245,11.095790558967037,11.562981688457986
246,11.154189503711203,11.562981688457986
247,11.154189444970394,11.562981688457986
248,11.095790541690329,11.562981688457986
249,11.095790531324303,11.562981688457986
250,11.174498392188031,11.73817837756613
251,11.504582774811897,11.73817837756613
252,11.270987258441206,11.73817837756613
253,11.329386168631954,11.73817837756613
254,11.446184020111525,11.73817837756613
255,11.446206859920336,11.73817837756613
256,11.329386206640713,11.73817837756613
257,11.387785020081893,11.73817837756613
258,11.329386223917423,11.73817837756613
259,11.329386223917423,11.73817837756613
260,11.387785089188728,11.73817837756613
261,11.38778503217559,11.73817837756613
262,11.38778491642164,11.73817837756613
263,11.387785058090651,11.73817837756613
264,11.504582795543946,11.73817837756613
265,11.446183957915375,11.73817837756613
266,11.329388210738914,11.73817837756613
267,11.38778497170711,11.73817837756613
268,11.387785075367361,11.73817837756613
269,11.446184027022209,11.73817837756613
270,11.32938617899798,11.73817837756613
271,11.504582826642023,11.73817837756613
272,11.270987272262573,11.73817837756613
273,11.446184096129045,11.73817837756613
274,11.50458287847215,11.73817837756613
275,11.329386134078538,11.73817837756613
276,11.387784957885742,11.73817837756613
277,11.387785123742145,11.73817837756613
278,11.329386154810587,11.73817837756613
279,11.387785109920777,11.73817837756613
280,11.387785147929538,11.73817837756613
281,11.446184082307678,11.73817837756613
282,11.446184037388235,11.73817837756613
283,11.446184013200844,11.73817837756613
284,11.38778511337612,11.73817837756613
285,11.32938622046208,11.73817837756613
286,11.504582906114882,11.73817837756613
287,11.504582902659541,11.73817837756613
288,11.270987282628598,11.73817837756613
289,11.446184020111525,11.73817837756613
290,11.446183975192083,11.73817837756613
291,11.329386151355246,11.73817837756613
292,11.446183999379477,11.73817837756613
293,11.446183995924134,11.73817837756613
294,11.446183961370718,11.73817837756613
295,11.458243757054426,12.263768299766209
296,11.446183992468793,12.263768299766209
297,11.387785075367361,12.263768299766209
298,11.387784978617793,12.263768299766209
299,11.387785089188728,12.263768299766209
300,11.446183871531833,12.263768299766209
301,11.387785006260525,12.263768299766209
302,11.38778509264407,12.263768299766209
303,11.387785071912019,12.263768299766209
304,11.387785037358602,12.263768299766209
305,11.38778509264407,12.263768299766209
306,11.504582843918731,12.263768299766209
307,11.44618398555811,12.263768299766209
308,11.446184025294539,12.263768299766209
309,11.446183957915375,12.263768299766209
310,11.446183899174565,12.263768299766209
311,11.387785161750903,12.263768299766209
312,11.387784961341083,12.263768299766209
313,11.387785179027613,12.263768299766209
314,11.38778505463531,12.263768299766209
315,11.387785096099412,12.263768299766209
316,11.387784985528477,12.263768299766209
317,11.446183982102767,12.263768299766209
318,11.387785037358602,12.263768299766209
319,11.387785130652828,12.263768299766209
320,11.387784945792045,12.263768299766209
321,11.387785078822702,12.263768299766209
322,11.504582947578983,12.263768299766209
323,11.446183992468793,12.263768299766209
324,11.446183991604958,12.263768299766209
325,11.44618404602659,12.263768299766209
326,11.446184020111525,12.263768299766209
327,11.446183944094008,12.263768299766209
328,11.387785075367361,12.263768299766209
329,11.387785065001335,12.263768299766209
330,11.504582906114882,12.263768299766209
331,11.38778505463531,12.263768299766209
332,11.50458292166392,12.263768299766209
333,11.38778509264407,12.263768299766209
334,11.4461839268173,12.263768299766209
335,11.446184030477552,12.263768299766209
336,11.446184016656185,12.263768299766209
337,11.387785037358602,12.263768299766209
338,11.387785089188728,12.263768299766209
339,11.387785030447919,12.263768299766209
340,11.387785037358602,12.263768299766209
341,11.387785002805185,12.263768299766209
342,11.446183895719225,12.263768299766209
343,11.446184009745501,12.263768299766209
344,11.38778497516245,12.263768299766209
345,11.387785075367361,12.263768299766209
346,11.387785037358602,12.263768299766209
347,11.387785075367361,12.263768299766209
348,11.446183916451275,12.263768299766209
349,11.446183978647426,12.263768299766209
350,11.446183944094008,12.263768299766209
351,11.446184033932893,12.263768299766209
352,11.504582726437112,12.263768299766209
353,11.387785058090651,12.263768299766209
354,11.387785127197487,12.263768299766209
355,11.387785002805185,12.263768299766209
356,11.387785058090651,12.263768299766209
357,11.446183975192083,12.263768299766209
358,11.446184044298919,12.263768299766209
359,11.446183982102767,12.263768299766209
360,11.446184054664943,12.263768299766209
361,11.446183916451275,12.263768299766209
362,11.446184013200844,12.263768299766209
363,11.446183940638667,12.263768299766209
364,11.387785071912019,12.263768299766209
365,11.446183975192083,12.263768299766209
366,11.38778503217559,12.263768299766209
367,11.446184027022209,12.263768299766209
368,11.504582902659541,12.263768299766209
369,11.44618398555811,12.263768299766209
370,11.387785123742145,12.263768299766209
371,11.387785078822702,12.263768299766209
372,11.446184030477552,12.263768299766209
373,11.504582947578983,12.263768299766209
374,11.387784923332324,12.263768299766209
375,11.504582913025565,12.263768299766209
376,11.387785116831461,12.263768299766209
377,11.387785058090651,12.263768299766209
378,11.38778511337612,12.263768299766209
379,11.446183940638667,12.263768299766209
380,11.387785082278045,12.263768299766209
381,11.446184030477552,12.263768299766209
382,11.446183957915375,12.263768299766209
383,11.387784909510959,12.263768299766209
384,11.446183978647426,12.263768299766209
385,11.387785002805185,12.263768299766209
386,11.504582830097364,12.263768299766209
387,11.446183944094008,12.263768299766209
388,11.387785161750903,12.263768299766209
389,11.446184027022209,12.263768299766209
390,11.387785130652828,12.263768299766209
391,11.387785099554753,12.263768299766209
392,11.585071853969408,12.438965113266654
393,11.621380726496378,12.61416182310685
394,11.738178491592407,12.61416182310685
395,11.621380754139112,12.61416182310685
396,11.62138068848762,12.61416182310685
397,11.621380653934203,12.61416182310685
398,11.504582930302274,12.61416182310685
399,11.62138071267501,12.61416182310685
