epoch,loss,val_loss
0,1.2822775110818339,0.9886514702929726
1,0.8657262205969596,0.45023556072500687
2,0.5228804067398111,0.6297774138518527
3,0.6041365045298269,0.38450604894115953
4,0.40896441898160224,0.28916395483892177
5,0.7934182423936285,0.44256017644759976
6,0.46720258977966034,0.4269511119662961
7,0.3701069318500442,0.40033947082259985
8,0.2785983880428408,0.25327199471147754
9,0.25211044938781846,0.4337048737827358
10,0.6320011836368644,1.383768305512546
11,0.40942929283651674,0.3359032717969599
12,0.2614067402108154,0.229011625098654
13,0.2299544519939867,0.5367448103578785
14,0.32348674315616716,0.6693709006981005
15,0.19089554963816688,0.29880316675746743
16,0.19725897233500134,0.3646693057321672
17,0.1113468216597381,0.23270266521368413
18,0.11299191970729093,0.32021184289780785
19,0.10412837605680039,0.3808654257025617
20,0.07237291220888542,0.46632690058101584
21,1.1565342268103436,0.6744651727944235
22,0.6374372513230849,1.253621988190055
23,0.7573576801173065,0.783478482143034
24,0.46692819471649855,0.9101310499201093
25,0.3009188463110004,0.4779216810777972
26,0.31841806004134315,0.4147779051261612
27,0.38306747441369016,0.5012523848091877
28,0.1384131661692189,0.3028983453324041
29,0.091800154676067,0.2948386380802604
30,0.11520667784624612,0.35777098419074016
31,0.10039905943436231,0.30786534273831906
32,0.07385313948034836,0.45939701246215575
33,0.04974458580798692,0.29847658126426363
34,0.04563260467219389,0.39144761232648906
35,0.11892064843393028,0.5144839964002441
36,0.09981101465856905,0.4538911558876309
37,0.06465693652095017,0.3880583668434167
38,0.030596739984272404,0.3618236648101548
39,0.0385447676916279,0.34907125671470796
40,0.022793401450078396,0.37915032439204993
41,0.057727716134716014,0.4476500131378445
42,0.05393878079318902,0.4181023788331902
43,0.14112202120410022,0.5922266287740933
44,0.11855778264380469,0.8663429813105848
45,0.33457774286090053,0.8326458512463525
46,0.3302964158746354,1.3679133112294763
47,0.2043354920505131,0.5748002564746745
48,0.0990048039801275,0.40744310024170843
49,0.10503487568179275,0.8170962947173209
50,0.10687178630241365,0.5123395296756791
51,0.12754105810344682,1.0456699834505827
52,0.09752412305370207,1.083216059009863
53,0.19414072407306734,1.2030198680166202
54,0.08539310805857288,0.4846956518322489
55,0.0701934383326696,0.4944638039627926
56,0.02309598810171606,0.5447114728202548
57,0.01704821264294641,0.47966273509841295
58,0.015173371287181762,0.529307364474369
59,0.0666124282542002,1.013277085197727
60,0.16243009378879747,0.5180628870737657
61,0.21463710290895577,0.6536672486911846
62,0.15502264235691823,0.5145119071902731
63,0.1994989568548603,0.7549548351435769
64,0.2459199566954618,1.0668669387969318
65,0.5440959546000501,0.9249768034566807
66,0.2085031362817328,1.7024669590630108
67,0.2068722359821866,0.7041093232947108
68,0.0515190116440158,0.6746727088451551
69,0.08302594709203552,0.34929539998728026
70,0.208261145593523,1.8516682543013763
71,0.38832037268611225,0.6393623335480018
72,0.24480890896874358,0.8037393073598512
73,0.1546047160799904,0.4973530228120051
74,0.043282548724691665,0.48088423379909107
75,0.025265653809702086,0.4953773495493622
76,0.018798670311571897,0.5030306758244133
77,0.005754079190509176,0.41846137391138066
78,0.0025446471785102176,0.42453123566169954
79,0.0019130833533887344,0.4181022829703303
80,0.003927803827287683,0.4435726401861757
81,0.0025349283866376543,0.40121154323598973
82,0.0028323541221749915,0.4124503464985468
83,0.005850006322466915,0.4053926416436988
84,0.0009542298927849173,0.4113361636512689
85,0.0015704117742381602,0.42326024563300063
86,0.003520569981930478,0.45533959799567003
87,0.008842263342371868,0.4382979937378152
88,0.00585491175496888,0.46870464565272185
89,0.006234295048941937,0.46086162769366823
90,0.006439260079267105,0.4101589837415833
91,0.013215571812407562,0.5456568740118188
92,0.00796848455283653,0.5914295151219275
93,0.0036206931411628543,0.42413530839672325
94,0.0027826360171890547,0.4239612389693217
95,0.0015682542222040588,0.4310678664029022
96,0.0011091663601720866,0.4324246255778177
97,0.07895791534842926,0.6557661840085035
98,1.1968764018222406,3.513489089456764
99,1.3790892214029258,1.393375535743146
100,0.3906129901392628,0.7136630615447722
101,0.19234995494110727,0.6622449292616077
102,0.16665967103174434,0.9941945259895506
103,0.21957386881582164,0.5643960370371708
104,0.1335343503914715,1.880563566216494
105,0.21687914532075603,1.061654004610226
106,0.382525213865996,1.0691889748920378
107,0.4359423257489974,1.0566560942989103
108,0.7805094055002912,1.0565981653307512
109,0.2803092062473204,0.7425827139758658
110,0.2065910320865231,0.6414351429023244
111,0.2080732449915927,0.9090374540069724
112,0.03344363376740334,0.8458756788492298
113,0.6167077379958215,2.16210318917609
114,0.4868565073663414,1.6549527727751225
115,0.2455105866959966,1.3301299211552184
116,0.11990129893324211,0.8283646969575784
117,0.053500773962943456,1.0247141601012577
118,0.09366614526737213,0.8340531710588338
119,0.027829650732359806,0.6950267456940529
120,0.014960050258064066,0.7354285430015416
121,0.003086260545889645,0.7422722837393307
122,0.0032495719938047166,0.7505487271498364
123,0.01897290009319284,0.7964148616735162
124,0.010537385330804349,0.8024735311122572
125,0.07133593565659509,0.8242353384240819
126,0.010535365004232829,0.9256900768376437
127,0.0455321100242981,0.8028917414783884
128,0.05937882248137087,0.6930130032652195
129,0.07842489916184948,1.2638339132049912
130,0.00815648666791606,1.0765329994684192
131,0.01284283131576975,0.9806714084121336
132,0.07048084294336594,1.0498574698841954
133,0.008679047298889466,0.9848066214189997
134,0.005487997837951629,0.7899838556000482
135,0.006664122246094574,0.8839887173398663
136,0.006120181899619654,0.8270654687214516
137,0.01443580759338849,0.9901719607133381
138,0.0014571410971542693,0.9430614723395235
139,0.010698325660491951,0.9970405775659891
140,0.033740093844586296,0.9836270281046632
141,0.00818868028168159,0.963830744452146
142,0.01521679889423975,0.931123009200234
143,0.011169397950599604,1.1102412514947797
144,0.005082069915929164,0.9811783316663365
145,0.0006662894696220444,0.9738122099380706
146,0.027029295024645426,1.1839063787909576
147,0.026030096439803058,0.8865383040167758
148,0.05146561176127219,1.1612900245968087
149,0.06714680001667339,1.2836461444288392
150,0.13513298242224897,1.321938906805763
151,0.07372119427476342,1.643511134977865
152,0.09526218990702286,1.5090087074588407
153,0.20758703075122006,0.9466732230753165
154,0.03894739668947509,0.8494422100349214
155,0.04543536715593769,0.8371534732538484
156,0.060178903085249626,1.4899903713648879
157,0.11258895209004603,1.1375202079409663
158,0.08192778000116197,1.4569824532676288
159,0.5671543006000268,1.5075158388437302
160,1.2664911954946358,4.8791919026193735
161,2.2908450103877014,1.9137056058252537
162,1.6737042488736644,2.351843217767354
163,0.803506927798245,1.6803536106500963
164,0.40243105751301605,1.3941024211721464
165,0.3754011913512993,2.2075665777998457
166,0.41640443628475815,1.9383627825075023
167,0.9754439860461496,1.9620411828212048
168,0.5694660602850422,1.197342634158535
169,0.3455405422918199,1.4528598049044026
170,0.3525813053356014,1.9492617278250046
171,0.42121602637412797,2.0877023792591336
172,0.16129253155786324,1.9564662108666526
173,0.0897212467134772,1.6395031115676812
174,0.06676260762389948,1.7614277580965199
175,0.03125841825694484,1.8084181237824424
176,0.004532074671741804,1.7837909128092555
177,0.05263845020174352,1.7152346964613971
178,0.10183746212625491,1.7249055491043233
179,0.10738561436791098,1.5592371527160773
180,0.2832528281177272,2.020471400663838
181,0.07736447529276586,1.5953495564687838
182,0.08907393659846095,2.3801498642367305
183,0.1535050585084919,1.4022467780059213
184,0.12308300334801016,1.8068332633074162
185,0.2487311310366738,1.077248284398863
186,0.1344096461823289,1.2484701007157895
187,0.21488221079638442,1.1921538840084944
188,0.24021025415427888,1.9091405591137702
189,0.3863732348242515,1.2281155544863078
190,0.28061000799105906,1.8008184379018826
191,0.34844924914754366,1.3232270940148028
192,0.1970942121307199,1.291989582425149
193,0.226280187747406,2.0097343873136553
194,0.0822740487668763,1.1459118068881091
195,0.4891469117375145,1.5606065591932823
196,0.27693453039202537,1.4005077577467284
197,0.11194496189649582,1.45942702153898
198,0.16686414604661817,1.642542988834816
199,0.18132992867874848,1.4800937067057163
