epoch,loss,val_loss
0,1.260287911131762,0.6554661355441129
1,0.6935776064199382,0.668335443433327
2,0.6362051261399967,0.3572063119728354
3,0.7847115092141472,0.4942829314666458
4,0.42155065212020837,0.44459445227550554
5,0.38303807730098133,0.2499127370552926
6,0.36803803709504346,0.3629699382176505
7,0.3349901585218807,0.2828732624272757
8,0.3668596130134403,0.3229772106661827
9,0.5738680192566328,0.5801307749993438
10,0.4019515463893396,0.5587115452825269
11,0.43258351190825517,3.0909911665735366
12,1.5739654815634307,0.7160719539734381
13,0.4757691984658764,0.36899677956406074
14,0.30883133852098515,0.36385157119624223
15,0.19835624923133224,0.3319764947872373
16,0.13544239448779938,0.31453504754065337
17,0.09110556772456208,0.39187491167619637
18,0.12091350157435585,0.3710469679282153
19,1.5509644361175732,0.649975138563144
20,0.7208287228249769,0.37926674676658234
21,0.23158332949115784,0.3260223149923207
22,0.15185748566251026,0.39303322782433486
23,0.4646953710479716,0.8528760186384751
24,0.7721908300576404,0.8072780848869795
25,0.33734460238812736,0.2944640734386218
26,0.16696379470733413,0.46887324500498895
27,0.2802596048762401,0.42055462583710873
28,0.1530353334914569,0.3462384623369273
29,0.15090169078135607,0.3660465721276742
30,0.11726462474093685,0.44436471764281205
31,0.11821337836959898,0.50742633546455
32,0.20183471691595606,0.48739376602859436
33,0.14475147554269602,0.5782942730267355
34,0.22611201389161684,0.6564611963974901
35,0.15344347618773338,0.48889557459049776
36,0.09415881393352475,0.4265185578938432
37,0.06663873497387428,0.4816668437428395
38,0.06797850532777797,0.4579600140045668
39,0.07529204624597043,0.3824401518884056
40,0.061291536061300736,0.37688144463809986
41,0.040189483090677866,0.4315704547157629
42,0.03763183461958998,0.43087869862984585
43,0.05350215737269246,0.543975148457574
44,0.09272214982458694,0.4038491861782732
45,0.11680595126708268,0.49612351433267887
46,0.038248091739449694,0.46457654012284605
47,0.031059555889151998,0.5160605313044183
48,0.062492444821976315,0.8283457298368169
49,0.5970340604551999,0.7089404046971681
50,0.13464080118016378,0.708494738563291
51,0.15975246884224453,0.8321362594732001
52,0.21773270818285065,0.5108686380229795
53,0.3580783131505803,0.8287472351913965
54,0.11566427053501525,0.5615842709416535
55,0.11109053274792488,0.4529706834170001
56,0.21419908138649707,1.2859516669819249
57,0.18580714622259914,0.6194518502106112
58,0.06848679681101255,0.5491828007293464
59,0.16021640173305127,0.4629382432196761
60,0.34128462271642557,1.320974795931738
61,1.2008089932010542,0.7628012221259407
62,0.28503486881321066,0.5511014849371925
63,0.07300525090086275,0.6195001992090499
64,0.08835040600172306,0.5248156314232398
65,0.06996613896642331,0.5428962960037627
66,0.04208115330024209,0.6092696862554625
67,0.13480111189204294,0.5484945226307439
68,0.032122230735325684,0.5453985756663959
69,0.020855759979394203,0.5530067526888621
70,0.030112691272865894,0.5224751132787971
71,0.015142125247212538,0.5612365633714944
72,0.011710957169956258,0.5815580307087519
73,0.01597671049841955,0.5234824534014894
74,0.05754517598593937,0.5895320660855747
75,0.05294475787791666,0.5796896275696551
76,0.12736185994652793,0.40570010613765023
77,0.10417609727016128,0.6670524645861993
78,0.13260794533711032,0.7408349819133601
79,0.40432674488418846,0.662722335468176
80,0.1582044932714569,0.7333885734971566
81,0.4293458507300533,0.7297744889142392
82,0.7827856220960184,0.8399711716684359
83,0.14619449600708112,0.5267248224744078
84,0.07889440998258289,0.5198220430955857
85,0.04924820374672772,0.5783803074184475
86,0.012705329444187279,0.6308026437093562
87,0.019073212137392607,0.5675747771806354
88,0.009982982814299431,0.5354931101297276
89,0.0073798694811689465,0.5288301681144799
90,0.005259892060087662,0.5323006536552235
91,0.012155499951763203,0.51864656623559
92,0.015992315720419963,0.8348183017459851
93,0.020927904702741373,0.5034890826526275
94,0.2754039651737148,1.3486263876474356
95,0.24689297854184997,0.7213850790587596
96,0.1428735162615709,0.7388136911123425
97,0.07089489290406757,0.6497969500178212
98,0.31270297178544104,1.5656150087148328
99,0.504575443632875,0.9416627312621361
100,0.3636261525047924,0.9374639566949439
101,2.3646456498676396,2.564193173299862
102,1.4642100313883903,2.078263100943988
103,0.5967249984882917,0.9599484701882576
104,0.414203085024475,1.0481705482212142
105,0.3470093639150392,1.9178832286520848
106,0.3107208199457226,0.6492640339250711
107,0.09801006616467878,0.6049732525900737
108,0.05906137527242383,0.9029191774139299
109,0.01730372512413495,0.6350895825867788
110,0.022013436948327633,0.6639337623550827
111,0.04345054880703158,0.7239679191143641
112,0.08545170334529784,0.7810369061874933
113,0.015425608136794928,0.6793260367438374
114,0.023837128967647583,0.6620433339185989
115,0.030956160266474096,1.040579731829606
116,0.03950265297734838,0.8815941723208002
117,0.057832044246803584,0.5875435965618301
118,0.022015044147627526,0.6999802598744466
119,0.024837971789070813,0.6858712021111145
120,0.04389774817780503,0.7794911360406447
121,0.024228860857439704,0.5845365597243137
122,0.03518791087779628,1.194829990633445
123,0.038766015231776266,0.5988274284968553
124,0.38073622619689873,0.9558534573437941
125,0.1148012228658827,0.8604018841118587
126,0.07113777840271908,0.6845253184651425
127,0.03722028714573951,1.5729948949021628
128,0.15148608802835634,0.9186075122443417
129,0.05345922228510242,0.9148809342244286
130,0.06791973893127042,0.791986692480373
131,0.015749795629675566,0.7524522458537647
132,0.14751095855340826,1.0487238293767116
133,0.03603853170887983,1.1193988988606283
134,0.03792879963716599,1.2386568283685777
135,0.061021741228108,0.8502675795845122
136,0.0532069021198575,1.1829308590651313
137,0.05291319680850063,0.778833169952813
138,0.009837265613955879,0.7473413897792461
139,0.0031446504997918296,0.7588829457328089
140,0.1492228985433078,1.4047345176303783
141,0.08702724510747108,0.7810860110072514
142,0.256576389136481,1.0642464438002393
143,0.33890564514347277,1.6022019730103527
144,0.3647412850264135,0.8175249176305374
145,0.09367340177249188,0.6150417403845541
146,0.18592582898030627,1.0754821386749716
147,0.07560045846340151,0.8425016917592788
148,0.02738001392056374,0.8491445753890637
149,0.032581104947599984,0.682788714481914
150,0.024212670991988913,0.8135131970082028
151,0.014968151361089055,0.7513276829558372
152,0.09408043194395159,0.6217497780863319
153,0.1160077823104842,0.9062595585621032
154,0.010644365823402573,0.8202144848698562
155,0.05396027860062388,1.0509850236777323
156,0.03419975253704609,0.678054782975329
157,0.01227667470088405,0.8031994163146562
158,0.07284258940078528,1.4927193011817392
159,0.16825961960987162,1.0675193264644312
160,0.0932841779486372,1.1134934676923
161,0.0343225285347885,0.8137890610636146
162,0.0032935084227177945,0.7840217667456796
163,0.006013415544460057,0.672801876738901
164,0.03982804723920792,0.8410325446661614
165,0.015198087313715372,1.017185257240755
166,0.0019873501021451198,0.9178068193182471
167,0.003539726797304064,0.8307381197339121
168,0.03279472464519386,0.8894108560743758
169,0.008918231295850003,0.961310711400318
170,0.003075558052608288,0.9474476269697758
171,0.005355367674474449,0.8958846899431029
172,0.009277659299478411,0.8116432069537717
173,0.00032740143622256784,0.8613202869993517
174,0.008485557515748983,0.7873241877725745
175,0.12678737111387106,1.26232366033983
176,0.21904259402027587,1.0604903040134976
177,0.3254176054686912,1.1866027461416442
178,0.27078366177798785,1.2673924634318956
179,0.4263576711631685,1.2620285510474556
180,0.17780137072254645,1.0883952533492183
181,0.2727961940419217,1.947913745724921
182,0.24615542404790267,0.9178961262953209
183,0.18987069142499702,1.3147258095743866
184,1.6167078730383373,3.026231706896915
185,3.5374518530350523,3.6611792286740075
186,1.0335542056678033,1.6277483565899533
187,0.5586918471153576,1.3438091206388671
188,0.2946706357891758,1.6878019012376317
189,0.37105703019405006,1.6074813430321353
190,0.29604108185524536,1.5635813124300304
191,0.17069384985289715,2.1984122123176
192,0.2225924183640399,2.108135662854323
193,0.2624001222925084,1.8655636215378402
194,0.15494246985459487,1.3841479877791012
195,0.03193729225980563,1.1687591498742727
196,0.23087555304910576,1.8726150937673522
197,0.1918333619565669,1.37663385474797
198,0.09832221161877999,1.3978667230934076
199,0.1050073614449985,1.051912599698681
